<?xml version="1.0" encoding="UTF-8"?>
<testsuite xmlns:xsi="http://www.w3.org/2001/XMLSchema-instance" xsi:noNamespaceSchemaLocation="https://maven.apache.org/surefire/maven-surefire-plugin/xsd/surefire-test-report.xsd" name="cn.cerish.TiroApplicationTests" time="15.327" tests="3" errors="0" skipped="0" failures="0">
  <properties>
    <property name="sun.desktop" value="windows"/>
    <property name="awt.toolkit" value="sun.awt.windows.WToolkit"/>
    <property name="file.encoding.pkg" value="sun.io"/>
    <property name="java.specification.version" value="1.8"/>
    <property name="sun.cpu.isalist" value="amd64"/>
    <property name="sun.jnu.encoding" value="GBK"/>
    <property name="java.class.path" value="F:\huajieli\project\backend\tiro\target\test-classes;F:\huajieli\project\backend\tiro\target\classes;E:\apache-maven-3.6.3-reposi\org\springframework\boot\spring-boot-starter-jdbc\2.3.0.RELEASE\spring-boot-starter-jdbc-2.3.0.RELEASE.jar;E:\apache-maven-3.6.3-reposi\org\springframework\boot\spring-boot-starter\2.3.0.RELEASE\spring-boot-starter-2.3.0.RELEASE.jar;E:\apache-maven-3.6.3-reposi\org\springframework\boot\spring-boot\2.3.0.RELEASE\spring-boot-2.3.0.RELEASE.jar;E:\apache-maven-3.6.3-reposi\org\springframework\boot\spring-boot-autoconfigure\2.3.0.RELEASE\spring-boot-autoconfigure-2.3.0.RELEASE.jar;E:\apache-maven-3.6.3-reposi\org\springframework\boot\spring-boot-starter-logging\2.3.0.RELEASE\spring-boot-starter-logging-2.3.0.RELEASE.jar;E:\apache-maven-3.6.3-reposi\ch\qos\logback\logback-classic\1.2.3\logback-classic-1.2.3.jar;E:\apache-maven-3.6.3-reposi\ch\qos\logback\logback-core\1.2.3\logback-core-1.2.3.jar;E:\apache-maven-3.6.3-reposi\org\apache\logging\log4j\log4j-to-slf4j\2.13.2\log4j-to-slf4j-2.13.2.jar;E:\apache-maven-3.6.3-reposi\org\apache\logging\log4j\log4j-api\2.13.2\log4j-api-2.13.2.jar;E:\apache-maven-3.6.3-reposi\org\slf4j\jul-to-slf4j\1.7.30\jul-to-slf4j-1.7.30.jar;E:\apache-maven-3.6.3-reposi\jakarta\annotation\jakarta.annotation-api\1.3.5\jakarta.annotation-api-1.3.5.jar;E:\apache-maven-3.6.3-reposi\org\yaml\snakeyaml\1.26\snakeyaml-1.26.jar;E:\apache-maven-3.6.3-reposi\com\zaxxer\HikariCP\3.4.5\HikariCP-3.4.5.jar;E:\apache-maven-3.6.3-reposi\org\springframework\spring-jdbc\5.2.6.RELEASE\spring-jdbc-5.2.6.RELEASE.jar;E:\apache-maven-3.6.3-reposi\org\springframework\spring-beans\5.2.6.RELEASE\spring-beans-5.2.6.RELEASE.jar;E:\apache-maven-3.6.3-reposi\org\springframework\spring-tx\5.2.6.RELEASE\spring-tx-5.2.6.RELEASE.jar;E:\apache-maven-3.6.3-reposi\org\springframework\boot\spring-boot-starter-web\2.3.0.RELEASE\spring-boot-starter-web-2.3.0.RELEASE.jar;E:\apache-maven-3.6.3-reposi\org\springframework\boot\spring-boot-starter-json\2.3.0.RELEASE\spring-boot-starter-json-2.3.0.RELEASE.jar;E:\apache-maven-3.6.3-reposi\com\fasterxml\jackson\datatype\jackson-datatype-jdk8\2.11.0\jackson-datatype-jdk8-2.11.0.jar;E:\apache-maven-3.6.3-reposi\com\fasterxml\jackson\datatype\jackson-datatype-jsr310\2.11.0\jackson-datatype-jsr310-2.11.0.jar;E:\apache-maven-3.6.3-reposi\com\fasterxml\jackson\module\jackson-module-parameter-names\2.11.0\jackson-module-parameter-names-2.11.0.jar;E:\apache-maven-3.6.3-reposi\org\springframework\boot\spring-boot-starter-tomcat\2.3.0.RELEASE\spring-boot-starter-tomcat-2.3.0.RELEASE.jar;E:\apache-maven-3.6.3-reposi\org\apache\tomcat\embed\tomcat-embed-core\9.0.35\tomcat-embed-core-9.0.35.jar;E:\apache-maven-3.6.3-reposi\org\glassfish\jakarta.el\3.0.3\jakarta.el-3.0.3.jar;E:\apache-maven-3.6.3-reposi\org\apache\tomcat\embed\tomcat-embed-websocket\9.0.35\tomcat-embed-websocket-9.0.35.jar;E:\apache-maven-3.6.3-reposi\org\springframework\spring-web\5.2.6.RELEASE\spring-web-5.2.6.RELEASE.jar;E:\apache-maven-3.6.3-reposi\org\springframework\spring-webmvc\5.2.6.RELEASE\spring-webmvc-5.2.6.RELEASE.jar;E:\apache-maven-3.6.3-reposi\org\springframework\spring-context\5.2.6.RELEASE\spring-context-5.2.6.RELEASE.jar;E:\apache-maven-3.6.3-reposi\org\springframework\spring-expression\5.2.6.RELEASE\spring-expression-5.2.6.RELEASE.jar;E:\apache-maven-3.6.3-reposi\org\mybatis\spring\boot\mybatis-spring-boot-starter\2.1.1\mybatis-spring-boot-starter-2.1.1.jar;E:\apache-maven-3.6.3-reposi\org\mybatis\spring\boot\mybatis-spring-boot-autoconfigure\2.1.1\mybatis-spring-boot-autoconfigure-2.1.1.jar;E:\apache-maven-3.6.3-reposi\org\mybatis\mybatis\3.5.3\mybatis-3.5.3.jar;E:\apache-maven-3.6.3-reposi\org\mybatis\mybatis-spring\2.0.3\mybatis-spring-2.0.3.jar;E:\apache-maven-3.6.3-reposi\mysql\mysql-connector-java\8.0.20\mysql-connector-java-8.0.20.jar;E:\apache-maven-3.6.3-reposi\org\springframework\boot\spring-boot-starter-test\2.3.0.RELEASE\spring-boot-starter-test-2.3.0.RELEASE.jar;E:\apache-maven-3.6.3-reposi\org\springframework\boot\spring-boot-test\2.3.0.RELEASE\spring-boot-test-2.3.0.RELEASE.jar;E:\apache-maven-3.6.3-reposi\org\springframework\boot\spring-boot-test-autoconfigure\2.3.0.RELEASE\spring-boot-test-autoconfigure-2.3.0.RELEASE.jar;E:\apache-maven-3.6.3-reposi\com\jayway\jsonpath\json-path\2.4.0\json-path-2.4.0.jar;E:\apache-maven-3.6.3-reposi\net\minidev\json-smart\2.3\json-smart-2.3.jar;E:\apache-maven-3.6.3-reposi\net\minidev\accessors-smart\1.2\accessors-smart-1.2.jar;E:\apache-maven-3.6.3-reposi\org\ow2\asm\asm\5.0.4\asm-5.0.4.jar;E:\apache-maven-3.6.3-reposi\jakarta\xml\bind\jakarta.xml.bind-api\2.3.3\jakarta.xml.bind-api-2.3.3.jar;E:\apache-maven-3.6.3-reposi\jakarta\activation\jakarta.activation-api\1.2.2\jakarta.activation-api-1.2.2.jar;E:\apache-maven-3.6.3-reposi\org\assertj\assertj-core\3.16.1\assertj-core-3.16.1.jar;E:\apache-maven-3.6.3-reposi\org\hamcrest\hamcrest\2.2\hamcrest-2.2.jar;E:\apache-maven-3.6.3-reposi\org\junit\jupiter\junit-jupiter\5.6.2\junit-jupiter-5.6.2.jar;E:\apache-maven-3.6.3-reposi\org\junit\jupiter\junit-jupiter-api\5.6.2\junit-jupiter-api-5.6.2.jar;E:\apache-maven-3.6.3-reposi\org\apiguardian\apiguardian-api\1.1.0\apiguardian-api-1.1.0.jar;E:\apache-maven-3.6.3-reposi\org\opentest4j\opentest4j\1.2.0\opentest4j-1.2.0.jar;E:\apache-maven-3.6.3-reposi\org\junit\platform\junit-platform-commons\1.6.2\junit-platform-commons-1.6.2.jar;E:\apache-maven-3.6.3-reposi\org\junit\jupiter\junit-jupiter-params\5.6.2\junit-jupiter-params-5.6.2.jar;E:\apache-maven-3.6.3-reposi\org\junit\jupiter\junit-jupiter-engine\5.6.2\junit-jupiter-engine-5.6.2.jar;E:\apache-maven-3.6.3-reposi\org\junit\platform\junit-platform-engine\1.6.2\junit-platform-engine-1.6.2.jar;E:\apache-maven-3.6.3-reposi\org\mockito\mockito-core\3.3.3\mockito-core-3.3.3.jar;E:\apache-maven-3.6.3-reposi\net\bytebuddy\byte-buddy\1.10.10\byte-buddy-1.10.10.jar;E:\apache-maven-3.6.3-reposi\net\bytebuddy\byte-buddy-agent\1.10.10\byte-buddy-agent-1.10.10.jar;E:\apache-maven-3.6.3-reposi\org\objenesis\objenesis\2.6\objenesis-2.6.jar;E:\apache-maven-3.6.3-reposi\org\mockito\mockito-junit-jupiter\3.3.3\mockito-junit-jupiter-3.3.3.jar;E:\apache-maven-3.6.3-reposi\org\skyscreamer\jsonassert\1.5.0\jsonassert-1.5.0.jar;E:\apache-maven-3.6.3-reposi\com\vaadin\external\google\android-json\0.0.20131108.vaadin1\android-json-0.0.20131108.vaadin1.jar;E:\apache-maven-3.6.3-reposi\org\springframework\spring-core\5.2.6.RELEASE\spring-core-5.2.6.RELEASE.jar;E:\apache-maven-3.6.3-reposi\org\springframework\spring-jcl\5.2.6.RELEASE\spring-jcl-5.2.6.RELEASE.jar;E:\apache-maven-3.6.3-reposi\org\springframework\spring-test\5.2.6.RELEASE\spring-test-5.2.6.RELEASE.jar;E:\apache-maven-3.6.3-reposi\org\xmlunit\xmlunit-core\2.7.0\xmlunit-core-2.7.0.jar;E:\apache-maven-3.6.3-reposi\io\springfox\springfox-swagger2\2.9.2\springfox-swagger2-2.9.2.jar;E:\apache-maven-3.6.3-reposi\io\swagger\swagger-annotations\1.5.20\swagger-annotations-1.5.20.jar;E:\apache-maven-3.6.3-reposi\io\swagger\swagger-models\1.5.20\swagger-models-1.5.20.jar;E:\apache-maven-3.6.3-reposi\com\fasterxml\jackson\core\jackson-annotations\2.11.0\jackson-annotations-2.11.0.jar;E:\apache-maven-3.6.3-reposi\io\springfox\springfox-spi\2.9.2\springfox-spi-2.9.2.jar;E:\apache-maven-3.6.3-reposi\io\springfox\springfox-core\2.9.2\springfox-core-2.9.2.jar;E:\apache-maven-3.6.3-reposi\io\springfox\springfox-schema\2.9.2\springfox-schema-2.9.2.jar;E:\apache-maven-3.6.3-reposi\io\springfox\springfox-swagger-common\2.9.2\springfox-swagger-common-2.9.2.jar;E:\apache-maven-3.6.3-reposi\io\springfox\springfox-spring-web\2.9.2\springfox-spring-web-2.9.2.jar;E:\apache-maven-3.6.3-reposi\com\google\guava\guava\20.0\guava-20.0.jar;E:\apache-maven-3.6.3-reposi\com\fasterxml\classmate\1.5.1\classmate-1.5.1.jar;E:\apache-maven-3.6.3-reposi\org\slf4j\slf4j-api\1.7.30\slf4j-api-1.7.30.jar;E:\apache-maven-3.6.3-reposi\org\springframework\plugin\spring-plugin-core\1.2.0.RELEASE\spring-plugin-core-1.2.0.RELEASE.jar;E:\apache-maven-3.6.3-reposi\org\springframework\plugin\spring-plugin-metadata\1.2.0.RELEASE\spring-plugin-metadata-1.2.0.RELEASE.jar;E:\apache-maven-3.6.3-reposi\org\mapstruct\mapstruct\1.2.0.Final\mapstruct-1.2.0.Final.jar;E:\apache-maven-3.6.3-reposi\io\springfox\springfox-swagger-ui\2.9.2\springfox-swagger-ui-2.9.2.jar;E:\apache-maven-3.6.3-reposi\io\jsonwebtoken\jjwt\0.9.1\jjwt-0.9.1.jar;E:\apache-maven-3.6.3-reposi\com\fasterxml\jackson\core\jackson-databind\2.11.0\jackson-databind-2.11.0.jar;E:\apache-maven-3.6.3-reposi\com\fasterxml\jackson\core\jackson-core\2.11.0\jackson-core-2.11.0.jar;E:\apache-maven-3.6.3-reposi\org\apache\commons\commons-lang3\3.1\commons-lang3-3.1.jar;E:\apache-maven-3.6.3-reposi\org\springframework\boot\spring-boot-starter-aop\2.2.1.RELEASE\spring-boot-starter-aop-2.2.1.RELEASE.jar;E:\apache-maven-3.6.3-reposi\org\springframework\spring-aop\5.2.6.RELEASE\spring-aop-5.2.6.RELEASE.jar;E:\apache-maven-3.6.3-reposi\org\aspectj\aspectjweaver\1.9.5\aspectjweaver-1.9.5.jar;E:\apache-maven-3.6.3-reposi\log4j\log4j\1.2.17\log4j-1.2.17.jar;E:\apache-maven-3.6.3-reposi\org\springframework\boot\spring-boot-starter-redis\1.4.7.RELEASE\spring-boot-starter-redis-1.4.7.RELEASE.jar;E:\apache-maven-3.6.3-reposi\org\springframework\data\spring-data-redis\2.3.0.RELEASE\spring-data-redis-2.3.0.RELEASE.jar;E:\apache-maven-3.6.3-reposi\org\springframework\data\spring-data-keyvalue\2.3.0.RELEASE\spring-data-keyvalue-2.3.0.RELEASE.jar;E:\apache-maven-3.6.3-reposi\org\springframework\data\spring-data-commons\2.3.0.RELEASE\spring-data-commons-2.3.0.RELEASE.jar;E:\apache-maven-3.6.3-reposi\org\springframework\spring-oxm\5.2.6.RELEASE\spring-oxm-5.2.6.RELEASE.jar;E:\apache-maven-3.6.3-reposi\org\springframework\spring-context-support\5.2.6.RELEASE\spring-context-support-5.2.6.RELEASE.jar;E:\apache-maven-3.6.3-reposi\redis\clients\jedis\3.3.0\jedis-3.3.0.jar;E:\apache-maven-3.6.3-reposi\org\apache\commons\commons-pool2\2.8.0\commons-pool2-2.8.0.jar;E:\apache-maven-3.6.3-reposi\org\springframework\boot\spring-boot-starter-security\2.3.0.RELEASE\spring-boot-starter-security-2.3.0.RELEASE.jar;E:\apache-maven-3.6.3-reposi\org\springframework\security\spring-security-config\5.3.2.RELEASE\spring-security-config-5.3.2.RELEASE.jar;E:\apache-maven-3.6.3-reposi\org\springframework\security\spring-security-core\5.3.2.RELEASE\spring-security-core-5.3.2.RELEASE.jar;E:\apache-maven-3.6.3-reposi\org\springframework\security\spring-security-web\5.3.2.RELEASE\spring-security-web-5.3.2.RELEASE.jar;E:\apache-maven-3.6.3-reposi\org\springframework\boot\spring-boot-configuration-processor\2.3.0.RELEASE\spring-boot-configuration-processor-2.3.0.RELEASE.jar;"/>
    <property name="java.vm.vendor" value="Oracle Corporation"/>
    <property name="sun.arch.data.model" value="64"/>
    <property name="user.variant" value=""/>
    <property name="java.vendor.url" value="http://java.oracle.com/"/>
    <property name="user.timezone" value="Asia/Shanghai"/>
    <property name="java.vm.specification.version" value="1.8"/>
    <property name="os.name" value="Windows 7"/>
    <property name="user.country" value="CN"/>
    <property name="sun.java.launcher" value="SUN_STANDARD"/>
    <property name="sun.boot.library.path" value="F:\huajieli\jdk\jre\bin"/>
    <property name="sun.java.command" value="C:\Users\ADMINI~1\AppData\Local\Temp\surefire7703926667606141401\surefirebooter3061224701156767171.jar C:\Users\Administrator\AppData\Local\Temp\surefire7703926667606141401 2020-06-27T00-09-03_337-jvmRun1 surefire850248665504927739tmp surefire_02016348156390658963tmp"/>
    <property name="surefire.test.class.path" value="F:\huajieli\project\backend\tiro\target\test-classes;F:\huajieli\project\backend\tiro\target\classes;E:\apache-maven-3.6.3-reposi\org\springframework\boot\spring-boot-starter-jdbc\2.3.0.RELEASE\spring-boot-starter-jdbc-2.3.0.RELEASE.jar;E:\apache-maven-3.6.3-reposi\org\springframework\boot\spring-boot-starter\2.3.0.RELEASE\spring-boot-starter-2.3.0.RELEASE.jar;E:\apache-maven-3.6.3-reposi\org\springframework\boot\spring-boot\2.3.0.RELEASE\spring-boot-2.3.0.RELEASE.jar;E:\apache-maven-3.6.3-reposi\org\springframework\boot\spring-boot-autoconfigure\2.3.0.RELEASE\spring-boot-autoconfigure-2.3.0.RELEASE.jar;E:\apache-maven-3.6.3-reposi\org\springframework\boot\spring-boot-starter-logging\2.3.0.RELEASE\spring-boot-starter-logging-2.3.0.RELEASE.jar;E:\apache-maven-3.6.3-reposi\ch\qos\logback\logback-classic\1.2.3\logback-classic-1.2.3.jar;E:\apache-maven-3.6.3-reposi\ch\qos\logback\logback-core\1.2.3\logback-core-1.2.3.jar;E:\apache-maven-3.6.3-reposi\org\apache\logging\log4j\log4j-to-slf4j\2.13.2\log4j-to-slf4j-2.13.2.jar;E:\apache-maven-3.6.3-reposi\org\apache\logging\log4j\log4j-api\2.13.2\log4j-api-2.13.2.jar;E:\apache-maven-3.6.3-reposi\org\slf4j\jul-to-slf4j\1.7.30\jul-to-slf4j-1.7.30.jar;E:\apache-maven-3.6.3-reposi\jakarta\annotation\jakarta.annotation-api\1.3.5\jakarta.annotation-api-1.3.5.jar;E:\apache-maven-3.6.3-reposi\org\yaml\snakeyaml\1.26\snakeyaml-1.26.jar;E:\apache-maven-3.6.3-reposi\com\zaxxer\HikariCP\3.4.5\HikariCP-3.4.5.jar;E:\apache-maven-3.6.3-reposi\org\springframework\spring-jdbc\5.2.6.RELEASE\spring-jdbc-5.2.6.RELEASE.jar;E:\apache-maven-3.6.3-reposi\org\springframework\spring-beans\5.2.6.RELEASE\spring-beans-5.2.6.RELEASE.jar;E:\apache-maven-3.6.3-reposi\org\springframework\spring-tx\5.2.6.RELEASE\spring-tx-5.2.6.RELEASE.jar;E:\apache-maven-3.6.3-reposi\org\springframework\boot\spring-boot-starter-web\2.3.0.RELEASE\spring-boot-starter-web-2.3.0.RELEASE.jar;E:\apache-maven-3.6.3-reposi\org\springframework\boot\spring-boot-starter-json\2.3.0.RELEASE\spring-boot-starter-json-2.3.0.RELEASE.jar;E:\apache-maven-3.6.3-reposi\com\fasterxml\jackson\datatype\jackson-datatype-jdk8\2.11.0\jackson-datatype-jdk8-2.11.0.jar;E:\apache-maven-3.6.3-reposi\com\fasterxml\jackson\datatype\jackson-datatype-jsr310\2.11.0\jackson-datatype-jsr310-2.11.0.jar;E:\apache-maven-3.6.3-reposi\com\fasterxml\jackson\module\jackson-module-parameter-names\2.11.0\jackson-module-parameter-names-2.11.0.jar;E:\apache-maven-3.6.3-reposi\org\springframework\boot\spring-boot-starter-tomcat\2.3.0.RELEASE\spring-boot-starter-tomcat-2.3.0.RELEASE.jar;E:\apache-maven-3.6.3-reposi\org\apache\tomcat\embed\tomcat-embed-core\9.0.35\tomcat-embed-core-9.0.35.jar;E:\apache-maven-3.6.3-reposi\org\glassfish\jakarta.el\3.0.3\jakarta.el-3.0.3.jar;E:\apache-maven-3.6.3-reposi\org\apache\tomcat\embed\tomcat-embed-websocket\9.0.35\tomcat-embed-websocket-9.0.35.jar;E:\apache-maven-3.6.3-reposi\org\springframework\spring-web\5.2.6.RELEASE\spring-web-5.2.6.RELEASE.jar;E:\apache-maven-3.6.3-reposi\org\springframework\spring-webmvc\5.2.6.RELEASE\spring-webmvc-5.2.6.RELEASE.jar;E:\apache-maven-3.6.3-reposi\org\springframework\spring-context\5.2.6.RELEASE\spring-context-5.2.6.RELEASE.jar;E:\apache-maven-3.6.3-reposi\org\springframework\spring-expression\5.2.6.RELEASE\spring-expression-5.2.6.RELEASE.jar;E:\apache-maven-3.6.3-reposi\org\mybatis\spring\boot\mybatis-spring-boot-starter\2.1.1\mybatis-spring-boot-starter-2.1.1.jar;E:\apache-maven-3.6.3-reposi\org\mybatis\spring\boot\mybatis-spring-boot-autoconfigure\2.1.1\mybatis-spring-boot-autoconfigure-2.1.1.jar;E:\apache-maven-3.6.3-reposi\org\mybatis\mybatis\3.5.3\mybatis-3.5.3.jar;E:\apache-maven-3.6.3-reposi\org\mybatis\mybatis-spring\2.0.3\mybatis-spring-2.0.3.jar;E:\apache-maven-3.6.3-reposi\mysql\mysql-connector-java\8.0.20\mysql-connector-java-8.0.20.jar;E:\apache-maven-3.6.3-reposi\org\springframework\boot\spring-boot-starter-test\2.3.0.RELEASE\spring-boot-starter-test-2.3.0.RELEASE.jar;E:\apache-maven-3.6.3-reposi\org\springframework\boot\spring-boot-test\2.3.0.RELEASE\spring-boot-test-2.3.0.RELEASE.jar;E:\apache-maven-3.6.3-reposi\org\springframework\boot\spring-boot-test-autoconfigure\2.3.0.RELEASE\spring-boot-test-autoconfigure-2.3.0.RELEASE.jar;E:\apache-maven-3.6.3-reposi\com\jayway\jsonpath\json-path\2.4.0\json-path-2.4.0.jar;E:\apache-maven-3.6.3-reposi\net\minidev\json-smart\2.3\json-smart-2.3.jar;E:\apache-maven-3.6.3-reposi\net\minidev\accessors-smart\1.2\accessors-smart-1.2.jar;E:\apache-maven-3.6.3-reposi\org\ow2\asm\asm\5.0.4\asm-5.0.4.jar;E:\apache-maven-3.6.3-reposi\jakarta\xml\bind\jakarta.xml.bind-api\2.3.3\jakarta.xml.bind-api-2.3.3.jar;E:\apache-maven-3.6.3-reposi\jakarta\activation\jakarta.activation-api\1.2.2\jakarta.activation-api-1.2.2.jar;E:\apache-maven-3.6.3-reposi\org\assertj\assertj-core\3.16.1\assertj-core-3.16.1.jar;E:\apache-maven-3.6.3-reposi\org\hamcrest\hamcrest\2.2\hamcrest-2.2.jar;E:\apache-maven-3.6.3-reposi\org\junit\jupiter\junit-jupiter\5.6.2\junit-jupiter-5.6.2.jar;E:\apache-maven-3.6.3-reposi\org\junit\jupiter\junit-jupiter-api\5.6.2\junit-jupiter-api-5.6.2.jar;E:\apache-maven-3.6.3-reposi\org\apiguardian\apiguardian-api\1.1.0\apiguardian-api-1.1.0.jar;E:\apache-maven-3.6.3-reposi\org\opentest4j\opentest4j\1.2.0\opentest4j-1.2.0.jar;E:\apache-maven-3.6.3-reposi\org\junit\platform\junit-platform-commons\1.6.2\junit-platform-commons-1.6.2.jar;E:\apache-maven-3.6.3-reposi\org\junit\jupiter\junit-jupiter-params\5.6.2\junit-jupiter-params-5.6.2.jar;E:\apache-maven-3.6.3-reposi\org\junit\jupiter\junit-jupiter-engine\5.6.2\junit-jupiter-engine-5.6.2.jar;E:\apache-maven-3.6.3-reposi\org\junit\platform\junit-platform-engine\1.6.2\junit-platform-engine-1.6.2.jar;E:\apache-maven-3.6.3-reposi\org\mockito\mockito-core\3.3.3\mockito-core-3.3.3.jar;E:\apache-maven-3.6.3-reposi\net\bytebuddy\byte-buddy\1.10.10\byte-buddy-1.10.10.jar;E:\apache-maven-3.6.3-reposi\net\bytebuddy\byte-buddy-agent\1.10.10\byte-buddy-agent-1.10.10.jar;E:\apache-maven-3.6.3-reposi\org\objenesis\objenesis\2.6\objenesis-2.6.jar;E:\apache-maven-3.6.3-reposi\org\mockito\mockito-junit-jupiter\3.3.3\mockito-junit-jupiter-3.3.3.jar;E:\apache-maven-3.6.3-reposi\org\skyscreamer\jsonassert\1.5.0\jsonassert-1.5.0.jar;E:\apache-maven-3.6.3-reposi\com\vaadin\external\google\android-json\0.0.20131108.vaadin1\android-json-0.0.20131108.vaadin1.jar;E:\apache-maven-3.6.3-reposi\org\springframework\spring-core\5.2.6.RELEASE\spring-core-5.2.6.RELEASE.jar;E:\apache-maven-3.6.3-reposi\org\springframework\spring-jcl\5.2.6.RELEASE\spring-jcl-5.2.6.RELEASE.jar;E:\apache-maven-3.6.3-reposi\org\springframework\spring-test\5.2.6.RELEASE\spring-test-5.2.6.RELEASE.jar;E:\apache-maven-3.6.3-reposi\org\xmlunit\xmlunit-core\2.7.0\xmlunit-core-2.7.0.jar;E:\apache-maven-3.6.3-reposi\io\springfox\springfox-swagger2\2.9.2\springfox-swagger2-2.9.2.jar;E:\apache-maven-3.6.3-reposi\io\swagger\swagger-annotations\1.5.20\swagger-annotations-1.5.20.jar;E:\apache-maven-3.6.3-reposi\io\swagger\swagger-models\1.5.20\swagger-models-1.5.20.jar;E:\apache-maven-3.6.3-reposi\com\fasterxml\jackson\core\jackson-annotations\2.11.0\jackson-annotations-2.11.0.jar;E:\apache-maven-3.6.3-reposi\io\springfox\springfox-spi\2.9.2\springfox-spi-2.9.2.jar;E:\apache-maven-3.6.3-reposi\io\springfox\springfox-core\2.9.2\springfox-core-2.9.2.jar;E:\apache-maven-3.6.3-reposi\io\springfox\springfox-schema\2.9.2\springfox-schema-2.9.2.jar;E:\apache-maven-3.6.3-reposi\io\springfox\springfox-swagger-common\2.9.2\springfox-swagger-common-2.9.2.jar;E:\apache-maven-3.6.3-reposi\io\springfox\springfox-spring-web\2.9.2\springfox-spring-web-2.9.2.jar;E:\apache-maven-3.6.3-reposi\com\google\guava\guava\20.0\guava-20.0.jar;E:\apache-maven-3.6.3-reposi\com\fasterxml\classmate\1.5.1\classmate-1.5.1.jar;E:\apache-maven-3.6.3-reposi\org\slf4j\slf4j-api\1.7.30\slf4j-api-1.7.30.jar;E:\apache-maven-3.6.3-reposi\org\springframework\plugin\spring-plugin-core\1.2.0.RELEASE\spring-plugin-core-1.2.0.RELEASE.jar;E:\apache-maven-3.6.3-reposi\org\springframework\plugin\spring-plugin-metadata\1.2.0.RELEASE\spring-plugin-metadata-1.2.0.RELEASE.jar;E:\apache-maven-3.6.3-reposi\org\mapstruct\mapstruct\1.2.0.Final\mapstruct-1.2.0.Final.jar;E:\apache-maven-3.6.3-reposi\io\springfox\springfox-swagger-ui\2.9.2\springfox-swagger-ui-2.9.2.jar;E:\apache-maven-3.6.3-reposi\io\jsonwebtoken\jjwt\0.9.1\jjwt-0.9.1.jar;E:\apache-maven-3.6.3-reposi\com\fasterxml\jackson\core\jackson-databind\2.11.0\jackson-databind-2.11.0.jar;E:\apache-maven-3.6.3-reposi\com\fasterxml\jackson\core\jackson-core\2.11.0\jackson-core-2.11.0.jar;E:\apache-maven-3.6.3-reposi\org\apache\commons\commons-lang3\3.1\commons-lang3-3.1.jar;E:\apache-maven-3.6.3-reposi\org\springframework\boot\spring-boot-starter-aop\2.2.1.RELEASE\spring-boot-starter-aop-2.2.1.RELEASE.jar;E:\apache-maven-3.6.3-reposi\org\springframework\spring-aop\5.2.6.RELEASE\spring-aop-5.2.6.RELEASE.jar;E:\apache-maven-3.6.3-reposi\org\aspectj\aspectjweaver\1.9.5\aspectjweaver-1.9.5.jar;E:\apache-maven-3.6.3-reposi\log4j\log4j\1.2.17\log4j-1.2.17.jar;E:\apache-maven-3.6.3-reposi\org\springframework\boot\spring-boot-starter-redis\1.4.7.RELEASE\spring-boot-starter-redis-1.4.7.RELEASE.jar;E:\apache-maven-3.6.3-reposi\org\springframework\data\spring-data-redis\2.3.0.RELEASE\spring-data-redis-2.3.0.RELEASE.jar;E:\apache-maven-3.6.3-reposi\org\springframework\data\spring-data-keyvalue\2.3.0.RELEASE\spring-data-keyvalue-2.3.0.RELEASE.jar;E:\apache-maven-3.6.3-reposi\org\springframework\data\spring-data-commons\2.3.0.RELEASE\spring-data-commons-2.3.0.RELEASE.jar;E:\apache-maven-3.6.3-reposi\org\springframework\spring-oxm\5.2.6.RELEASE\spring-oxm-5.2.6.RELEASE.jar;E:\apache-maven-3.6.3-reposi\org\springframework\spring-context-support\5.2.6.RELEASE\spring-context-support-5.2.6.RELEASE.jar;E:\apache-maven-3.6.3-reposi\redis\clients\jedis\3.3.0\jedis-3.3.0.jar;E:\apache-maven-3.6.3-reposi\org\apache\commons\commons-pool2\2.8.0\commons-pool2-2.8.0.jar;E:\apache-maven-3.6.3-reposi\org\springframework\boot\spring-boot-starter-security\2.3.0.RELEASE\spring-boot-starter-security-2.3.0.RELEASE.jar;E:\apache-maven-3.6.3-reposi\org\springframework\security\spring-security-config\5.3.2.RELEASE\spring-security-config-5.3.2.RELEASE.jar;E:\apache-maven-3.6.3-reposi\org\springframework\security\spring-security-core\5.3.2.RELEASE\spring-security-core-5.3.2.RELEASE.jar;E:\apache-maven-3.6.3-reposi\org\springframework\security\spring-security-web\5.3.2.RELEASE\spring-security-web-5.3.2.RELEASE.jar;E:\apache-maven-3.6.3-reposi\org\springframework\boot\spring-boot-configuration-processor\2.3.0.RELEASE\spring-boot-configuration-processor-2.3.0.RELEASE.jar;"/>
    <property name="sun.cpu.endian" value="little"/>
    <property name="user.home" value="C:\Users\Administrator"/>
    <property name="user.language" value="zh"/>
    <property name="java.specification.vendor" value="Oracle Corporation"/>
    <property name="java.home" value="F:\huajieli\jdk\jre"/>
    <property name="basedir" value="F:\huajieli\project\backend\tiro"/>
    <property name="file.separator" value="\"/>
    <property name="line.separator" value="&#10;"/>
    <property name="java.vm.specification.vendor" value="Oracle Corporation"/>
    <property name="java.specification.name" value="Java Platform API Specification"/>
    <property name="java.awt.graphicsenv" value="sun.awt.Win32GraphicsEnvironment"/>
    <property name="surefire.real.class.path" value="C:\Users\ADMINI~1\AppData\Local\Temp\surefire7703926667606141401\surefirebooter3061224701156767171.jar"/>
    <property name="sun.boot.class.path" value="F:\huajieli\jdk\jre\lib\resources.jar;F:\huajieli\jdk\jre\lib\rt.jar;F:\huajieli\jdk\jre\lib\sunrsasign.jar;F:\huajieli\jdk\jre\lib\jsse.jar;F:\huajieli\jdk\jre\lib\jce.jar;F:\huajieli\jdk\jre\lib\charsets.jar;F:\huajieli\jdk\jre\lib\jfr.jar;F:\huajieli\jdk\jre\classes"/>
    <property name="user.script" value=""/>
    <property name="sun.management.compiler" value="HotSpot 64-Bit Tiered Compilers"/>
    <property name="java.runtime.version" value="1.8.0_231-b11"/>
    <property name="user.name" value="Administrator"/>
    <property name="path.separator" value=";"/>
    <property name="os.version" value="6.1"/>
    <property name="java.endorsed.dirs" value="F:\huajieli\jdk\jre\lib\endorsed"/>
    <property name="java.runtime.name" value="Java(TM) SE Runtime Environment"/>
    <property name="file.encoding" value="GBK"/>
    <property name="java.vm.name" value="Java HotSpot(TM) 64-Bit Server VM"/>
    <property name="localRepository" value="E:\apache-maven-3.6.3-reposi"/>
    <property name="java.vendor.url.bug" value="http://bugreport.sun.com/bugreport/"/>
    <property name="java.io.tmpdir" value="C:\Users\ADMINI~1\AppData\Local\Temp\"/>
    <property name="java.version" value="1.8.0_231"/>
    <property name="user.dir" value="F:\huajieli\project\backend\tiro"/>
    <property name="os.arch" value="amd64"/>
    <property name="java.vm.specification.name" value="Java Virtual Machine Specification"/>
    <property name="java.awt.printerjob" value="sun.awt.windows.WPrinterJob"/>
    <property name="sun.os.patch.level" value="Service Pack 1"/>
    <property name="idea.version2019.3.3" value="true"/>
    <property name="java.library.path" value="F:\huajieli\jdk\jre\bin;C:\Windows\Sun\Java\bin;C:\Windows\system32;C:\Windows;F:\huajieli\XFtp\;F:\huajieli\Xshell\;C:\Program Files (x86)\Common Files\Oracle\Java\javapath;C:\Windows\system32;C:\Windows;C:\Windows\System32\Wbem;C:\Windows\System32\WindowsPowerShell\v1.0\;F:\huajieli\Git\cmd;C:\Program Files\TortoiseGit\bin;F:\software exe\node exe\;F:\huajieli\jdk\bin;F:\huajieli\jdk\jre\bin;F:\huajieli\Tomcat\apache-tomcat-8.5.51\lib;F:\huajieli\Tomcat\apache-tomcat-8.5.51\bin;F:\huajieli\maven\apache-maven-3.6.3\bin;F:\huajieli\ffmpeg\bin;C:\Users\Administrator\AppData\Local\Programs\Python\Python37\Scripts\;C:\Users\Administrator\AppData\Local\Programs\Python\Python37\;F:\vscode\Microsoft VS Code\bin;C:\Users\Administrator\AppData\Roaming\npm;C:\Users\Administrator\AppData\Local\BypassRuntm;."/>
    <property name="java.vm.info" value="mixed mode"/>
    <property name="java.vendor" value="Oracle Corporation"/>
    <property name="java.vm.version" value="25.231-b11"/>
    <property name="java.ext.dirs" value="F:\huajieli\jdk\jre\lib\ext;C:\Windows\Sun\Java\lib\ext"/>
    <property name="sun.io.unicode.encoding" value="UnicodeLittle"/>
    <property name="maven.repo.local" value="E:\apache-maven-3.6.3-reposi"/>
    <property name="java.class.version" value="52.0"/>
  </properties>
  <testcase name="testLog" classname="cn.cerish.TiroApplicationTests" time="0.595"/>
  <testcase name="testRedis" classname="cn.cerish.TiroApplicationTests" time="0"/>
  <testcase name="testToken" classname="cn.cerish.TiroApplicationTests" time="1.567"/>
</testsuite>